* installing *source* package ‘ast2ast’ ...
** using staged installation
** libs
g++ -std=gnu++20 -I"/usr/share/R/include" -DNDEBUG -I../inst -I../inst/include   -I'/home/konrad/R/x86_64-pc-linux-gnu-library/4.1/Rcpp/include' -I'/home/konrad/R/x86_64-pc-linux-gnu-library/4.1/RcppArmadillo/include'   -I../inst -I../inst/include  -fpic  -g -O2 -ffile-prefix-map=/build/r-base-4A2Reg/r-base-4.1.2=. -fstack-protector-strong -Wformat -Werror=format-security -Wdate-time -D_FORTIFY_SOURCE=2 -g  -c BaseStore_Tests.cpp -o BaseStore_Tests.o
g++ -std=gnu++20 -I"/usr/share/R/include" -DNDEBUG -I../inst -I../inst/include   -I'/home/konrad/R/x86_64-pc-linux-gnu-library/4.1/Rcpp/include' -I'/home/konrad/R/x86_64-pc-linux-gnu-library/4.1/RcppArmadillo/include'   -I../inst -I../inst/include  -fpic  -g -O2 -ffile-prefix-map=/build/r-base-4A2Reg/r-base-4.1.2=. -fstack-protector-strong -Wformat -Werror=format-security -Wdate-time -D_FORTIFY_SOURCE=2 -g  -c BinaryOperations_Tests.cpp -o BinaryOperations_Tests.o
g++ -std=gnu++20 -I"/usr/share/R/include" -DNDEBUG -I../inst -I../inst/include   -I'/home/konrad/R/x86_64-pc-linux-gnu-library/4.1/Rcpp/include' -I'/home/konrad/R/x86_64-pc-linux-gnu-library/4.1/RcppArmadillo/include'   -I../inst -I../inst/include  -fpic  -g -O2 -ffile-prefix-map=/build/r-base-4A2Reg/r-base-4.1.2=. -fstack-protector-strong -Wformat -Werror=format-security -Wdate-time -D_FORTIFY_SOURCE=2 -g  -c Borrow_Tests.cpp -o Borrow_Tests.o
g++ -std=gnu++20 -I"/usr/share/R/include" -DNDEBUG -I../inst -I../inst/include   -I'/home/konrad/R/x86_64-pc-linux-gnu-library/4.1/Rcpp/include' -I'/home/konrad/R/x86_64-pc-linux-gnu-library/4.1/RcppArmadillo/include'   -I../inst -I../inst/include  -fpic  -g -O2 -ffile-prefix-map=/build/r-base-4A2Reg/r-base-4.1.2=. -fstack-protector-strong -Wformat -Werror=format-security -Wdate-time -D_FORTIFY_SOURCE=2 -g  -c CMR_Tests.cpp -o CMR_Tests.o
g++ -std=gnu++20 -I"/usr/share/R/include" -DNDEBUG -I../inst -I../inst/include   -I'/home/konrad/R/x86_64-pc-linux-gnu-library/4.1/Rcpp/include' -I'/home/konrad/R/x86_64-pc-linux-gnu-library/4.1/RcppArmadillo/include'   -I../inst -I../inst/include  -fpic  -g -O2 -ffile-prefix-map=/build/r-base-4A2Reg/r-base-4.1.2=. -fstack-protector-strong -Wformat -Werror=format-security -Wdate-time -D_FORTIFY_SOURCE=2 -g  -c Coca_Tests.cpp -o Coca_Tests.o
g++ -std=gnu++20 -I"/usr/share/R/include" -DNDEBUG -I../inst -I../inst/include   -I'/home/konrad/R/x86_64-pc-linux-gnu-library/4.1/Rcpp/include' -I'/home/konrad/R/x86_64-pc-linux-gnu-library/4.1/RcppArmadillo/include'   -I../inst -I../inst/include  -fpic  -g -O2 -ffile-prefix-map=/build/r-base-4A2Reg/r-base-4.1.2=. -fstack-protector-strong -Wformat -Werror=format-security -Wdate-time -D_FORTIFY_SOURCE=2 -g  -c Colon_Tests.cpp -o Colon_Tests.o
g++ -std=gnu++20 -I"/usr/share/R/include" -DNDEBUG -I../inst -I../inst/include   -I'/home/konrad/R/x86_64-pc-linux-gnu-library/4.1/Rcpp/include' -I'/home/konrad/R/x86_64-pc-linux-gnu-library/4.1/RcppArmadillo/include'   -I../inst -I../inst/include  -fpic  -g -O2 -ffile-prefix-map=/build/r-base-4A2Reg/r-base-4.1.2=. -fstack-protector-strong -Wformat -Werror=format-security -Wdate-time -D_FORTIFY_SOURCE=2 -g  -c Concepts_Tests.cpp -o Concepts_Tests.o
g++ -std=gnu++20 -I"/usr/share/R/include" -DNDEBUG -I../inst -I../inst/include   -I'/home/konrad/R/x86_64-pc-linux-gnu-library/4.1/Rcpp/include' -I'/home/konrad/R/x86_64-pc-linux-gnu-library/4.1/RcppArmadillo/include'   -I../inst -I../inst/include  -fpic  -g -O2 -ffile-prefix-map=/build/r-base-4A2Reg/r-base-4.1.2=. -fstack-protector-strong -Wformat -Werror=format-security -Wdate-time -D_FORTIFY_SOURCE=2 -g  -c Helper_Tests.cpp -o Helper_Tests.o
g++ -std=gnu++20 -I"/usr/share/R/include" -DNDEBUG -I../inst -I../inst/include   -I'/home/konrad/R/x86_64-pc-linux-gnu-library/4.1/Rcpp/include' -I'/home/konrad/R/x86_64-pc-linux-gnu-library/4.1/RcppArmadillo/include'   -I../inst -I../inst/include  -fpic  -g -O2 -ffile-prefix-map=/build/r-base-4A2Reg/r-base-4.1.2=. -fstack-protector-strong -Wformat -Werror=format-security -Wdate-time -D_FORTIFY_SOURCE=2 -g  -c Matrix_Tests.cpp -o Matrix_Tests.o
g++ -std=gnu++20 -I"/usr/share/R/include" -DNDEBUG -I../inst -I../inst/include   -I'/home/konrad/R/x86_64-pc-linux-gnu-library/4.1/Rcpp/include' -I'/home/konrad/R/x86_64-pc-linux-gnu-library/4.1/RcppArmadillo/include'   -I../inst -I../inst/include  -fpic  -g -O2 -ffile-prefix-map=/build/r-base-4A2Reg/r-base-4.1.2=. -fstack-protector-strong -Wformat -Werror=format-security -Wdate-time -D_FORTIFY_SOURCE=2 -g  -c RcppExports.cpp -o RcppExports.o
g++ -std=gnu++20 -I"/usr/share/R/include" -DNDEBUG -I../inst -I../inst/include   -I'/home/konrad/R/x86_64-pc-linux-gnu-library/4.1/Rcpp/include' -I'/home/konrad/R/x86_64-pc-linux-gnu-library/4.1/RcppArmadillo/include'   -I../inst -I../inst/include  -fpic  -g -O2 -ffile-prefix-map=/build/r-base-4A2Reg/r-base-4.1.2=. -fstack-protector-strong -Wformat -Werror=format-security -Wdate-time -D_FORTIFY_SOURCE=2 -g  -c Rep_Tests.cpp -o Rep_Tests.o
g++ -std=gnu++20 -I"/usr/share/R/include" -DNDEBUG -I../inst -I../inst/include   -I'/home/konrad/R/x86_64-pc-linux-gnu-library/4.1/Rcpp/include' -I'/home/konrad/R/x86_64-pc-linux-gnu-library/4.1/RcppArmadillo/include'   -I../inst -I../inst/include  -fpic  -g -O2 -ffile-prefix-map=/build/r-base-4A2Reg/r-base-4.1.2=. -fstack-protector-strong -Wformat -Werror=format-security -Wdate-time -D_FORTIFY_SOURCE=2 -g  -c Subsetting_Tests.cpp -o Subsetting_Tests.o
g++ -std=gnu++20 -I"/usr/share/R/include" -DNDEBUG -I../inst -I../inst/include   -I'/home/konrad/R/x86_64-pc-linux-gnu-library/4.1/Rcpp/include' -I'/home/konrad/R/x86_64-pc-linux-gnu-library/4.1/RcppArmadillo/include'   -I../inst -I../inst/include  -fpic  -g -O2 -ffile-prefix-map=/build/r-base-4A2Reg/r-base-4.1.2=. -fstack-protector-strong -Wformat -Werror=format-security -Wdate-time -D_FORTIFY_SOURCE=2 -g  -c Unary_Tests.cpp -o Unary_Tests.o
g++ -std=gnu++20 -I"/usr/share/R/include" -DNDEBUG -I../inst -I../inst/include   -I'/home/konrad/R/x86_64-pc-linux-gnu-library/4.1/Rcpp/include' -I'/home/konrad/R/x86_64-pc-linux-gnu-library/4.1/RcppArmadillo/include'   -I../inst -I../inst/include  -fpic  -g -O2 -ffile-prefix-map=/build/r-base-4A2Reg/r-base-4.1.2=. -fstack-protector-strong -Wformat -Werror=format-security -Wdate-time -D_FORTIFY_SOURCE=2 -g  -c Vector_Tests.cpp -o Vector_Tests.o
g++ -std=gnu++20 -shared -L/usr/lib/R/lib -Wl,-Bsymbolic-functions -flto=auto -ffat-lto-objects -flto=auto -Wl,-z,relro -o ast2ast.so BaseStore_Tests.o BinaryOperations_Tests.o Borrow_Tests.o CMR_Tests.o Coca_Tests.o Colon_Tests.o Concepts_Tests.o Helper_Tests.o Matrix_Tests.o RcppExports.o Rep_Tests.o Subsetting_Tests.o Unary_Tests.o Vector_Tests.o -L/usr/lib/R/lib -lR
installing to /home/konrad/Documents/ast2ast/development/ast2ast.Rcheck/00LOCK-ast2ast/00new/ast2ast/libs
** R
** inst
** byte-compile and prepare package for lazy loading
** help
*** installing help indices
** building package indices
** installing vignettes
** testing if installed package can be loaded from temporary location
** checking absolute paths in shared objects and dynamic libraries
** testing if installed package can be loaded from final location
** testing if installed package keeps a record of temporary installation path
* DONE (ast2ast)
